2006 Feb 08 04:21:30  Result: 9
2006 Feb 08 04:21:30  From address not in member domain. Message not sent.
2006 Feb 08 04:27:24  Result: 9
2006 Feb 08 04:27:24  From address not in member domain. Message not sent.
2006 Feb 08 04:27:55  Result: 9
2006 Feb 08 04:27:55  From address not in member domain. Message not sent.
2006 Feb 08 04:35:51  Result: 9
2006 Feb 08 04:35:51  From address not in member domain. Message not sent.
2006 Feb 08 04:37:51  Result: 9
2006 Feb 08 04:37:51  From address not in member domain. Message not sent.
2006 Feb 08 04:43:53  Result: 9
2006 Feb 08 04:43:53  From address not in member domain. Message not sent.
2006 Feb 08 04:44:09  Result: 9
2006 Feb 08 04:44:09  From address not in member domain. Message not sent.
2006 Feb 08 04:50:00  Result: 9
2006 Feb 08 04:50:00  From address not in member domain. Message not sent.
2006 Feb 08 04:51:21  Result: 9
2006 Feb 08 04:51:21  From address not in member domain. Message not sent.
2006 Feb 08 04:51:34  Result: 9
2006 Feb 08 04:51:34  From address not in member domain. Message not sent.
2006 Feb 08 04:57:17  Result: 9
2006 Feb 08 04:57:17  From address not in member domain. Message not sent.
2006 Feb 08 05:23:37  Result: 9
2006 Feb 08 05:23:37  From address not in member domain. Message not sent.
2006 Feb 08 05:25:01  Result: 9
2006 Feb 08 05:25:01  From address not in member domain. Message not sent.
2006 Feb 08 05:27:35  Result: 9
2006 Feb 08 05:27:35  From address not in member domain. Message not sent.
2006 Feb 08 06:07:55  Result: 9
2006 Feb 08 06:07:55  From address not in member domain. Message not sent.
2006 Feb 08 06:23:56  Result: 9
2006 Feb 08 06:23:57  From address not in member domain. Message not sent.
2006 Feb 11 17:54:43  Result: 9
2006 Feb 11 17:54:43  From address not in member domain. Message not sent.
2007 Apr 25 15:31:00  Sendmail not responding.
2008 Feb 23 21:33:38  Result: 9
2008 Feb 23 21:33:38  From address not in member domain. Message not sent.
2008 Feb 23 21:41:03  Result: 9
2008 Feb 23 21:41:03  From address not in member domain. Message not sent.
2008 Feb 23 21:41:10  Result: 9
2008 Feb 23 21:41:10  From address not in member domain. Message not sent.
2008 Feb 23 21:41:26  Result: 9
2008 Feb 23 21:41:26  From address not in member domain. Message not sent.
2008 Feb 23 21:43:16  Result: 9
2008 Feb 23 21:43:16  From address not in member domain. Message not sent.
2008 Feb 23 21:43:55  Result: 9
2008 Feb 23 21:43:55  From address not in member domain. Message not sent.
2008 Feb 23 21:44:04  Result: 9
2008 Feb 23 21:44:04  From address not in member domain. Message not sent.
2008 Feb 23 21:45:00  Result: 9
2008 Feb 23 21:45:00  From address not in member domain. Message not sent.
2008 Feb 23 22:02:01  Result: 9
2008 Feb 23 22:02:01  From address not in member domain. Message not sent.
2008 Feb 23 22:04:05  Result: 9
2008 Feb 23 22:04:05  From address not in member domain. Message not sent.
2008 Feb 23 22:05:18  Result: 9
2008 Feb 23 22:05:18  From address not in member domain. Message not sent.
2008 Feb 23 22:09:05  Result: 9
2008 Feb 23 22:09:05  From address not in member domain. Message not sent.
2008 Dec 02 20:26:37  Sendmail not responding.
2012 Feb 02 20:18:22  Sendmail not responding.
2012 Jun 04 14:44:06  Sendmail not responding.
2012 Dec 16 04:46:21  Sendmail not responding.
2013 Jan 17 02:40:17  Sendmail not responding.
2013 Jan 24 21:22:45  Sendmail not responding.
2013 Apr 17 03:09:50  Sendmail not responding.
2013 Aug 02 01:36:44  Sendmail not responding.
